<?xml version="1.0" encoding="UTF-8"?>
<!-- Generated by org.testng.reporters.JUnitXMLReporter -->
<testsuite ignored="0" hostname="Mosscow.local" failures="0" tests="8" name="Default test" time="0.056" errors="0" timestamp="06 Jun 2022 14:50:01 GMT">
  <testcase classname="com.techpanda.account.Level_06_Switch_Page" name="@BeforeClass beforeClass" time="0.0">
    <failure type="org.testng.TestNGException" message="
Parameter &amp;apos;Browser&amp;apos; is required by BeforeClass on method beforeClass but has not been marked @Optional or defined
in /private/var/folders/gd/q7_6xv_16mqdl8m7q4jxg0_00000gn/T/testng-eclipse--1462113506/testng-customsuite.xml">
      <![CDATA[org.testng.TestNGException: 
Parameter 'Browser' is required by BeforeClass on method beforeClass but has not been marked @Optional or defined
in /private/var/folders/gd/q7_6xv_16mqdl8m7q4jxg0_00000gn/T/testng-eclipse--1462113506/testng-customsuite.xml
at org.testng.internal.Parameters.createParams(Parameters.java:290)
at org.testng.internal.Parameters.createParametersForMethod(Parameters.java:359)
at org.testng.internal.Parameters.createParameters(Parameters.java:620)
at org.testng.internal.Parameters.createConfigurationParameters(Parameters.java:190)
at org.testng.internal.Invoker.invokeConfigurations(Invoker.java:209)
at org.testng.internal.Invoker.invokeConfigurations(Invoker.java:142)
at org.testng.internal.TestMethodWorker.invokeBeforeClassMethods(TestMethodWorker.java:168)
at org.testng.internal.TestMethodWorker.run(TestMethodWorker.java:105)
at org.testng.TestRunner.privateRun(TestRunner.java:648)
at org.testng.TestRunner.run(TestRunner.java:505)
at org.testng.SuiteRunner.runTest(SuiteRunner.java:455)
at org.testng.SuiteRunner.runSequentially(SuiteRunner.java:450)
at org.testng.SuiteRunner.privateRun(SuiteRunner.java:415)
at org.testng.SuiteRunner.run(SuiteRunner.java:364)
at org.testng.SuiteRunnerWorker.runSuite(SuiteRunnerWorker.java:52)
at org.testng.SuiteRunnerWorker.run(SuiteRunnerWorker.java:84)
at org.testng.TestNG.runSuitesSequentially(TestNG.java:1208)
at org.testng.TestNG.runSuitesLocally(TestNG.java:1137)
at org.testng.TestNG.runSuites(TestNG.java:1049)
at org.testng.TestNG.run(TestNG.java:1017)
at org.testng.remote.AbstractRemoteTestNG.run(AbstractRemoteTestNG.java:115)
at org.testng.remote.RemoteTestNG.initAndRun(RemoteTestNG.java:251)
at org.testng.remote.RemoteTestNG.main(RemoteTestNG.java:77)
]]>
    </failure>
  </testcase> <!-- @BeforeClass beforeClass -->
  <testcase classname="com.techpanda.account.Level_06_Switch_Page" name="@AfterClass afterClass" time="0.0">
    <skipped/>
  </testcase> <!-- @AfterClass afterClass -->
  <testcase classname="com.techpanda.account.Level_06_Switch_Page" name="TC_01_Login_Empty_Data" time="0.0">
    <skipped/>
  </testcase> <!-- TC_01_Login_Empty_Data -->
  <testcase classname="com.techpanda.account.Level_06_Switch_Page" name="TC_02_Login_With_Invalid_Email" time="0.0">
    <skipped/>
  </testcase> <!-- TC_02_Login_With_Invalid_Email -->
  <testcase classname="com.techpanda.account.Level_06_Switch_Page" name="TC_03_Login_With_Invalid_Password" time="0.0">
    <skipped/>
  </testcase> <!-- TC_03_Login_With_Invalid_Password -->
  <testcase classname="com.techpanda.account.Level_06_Switch_Page" name="TC_04_Create_New_Account" time="0.0">
    <skipped/>
  </testcase> <!-- TC_04_Create_New_Account -->
  <testcase classname="com.techpanda.account.Level_06_Switch_Page" name="TC_05_Login_With_Incorrect_Email" time="0.0">
    <skipped/>
  </testcase> <!-- TC_05_Login_With_Incorrect_Email -->
  <testcase classname="com.techpanda.account.Level_06_Switch_Page" name="TC_06_Login_With_Incorrect_Password" time="0.0">
    <skipped/>
  </testcase> <!-- TC_06_Login_With_Incorrect_Password -->
  <testcase classname="com.techpanda.account.Level_06_Switch_Page" name="TC_07_Login_Valid_Password" time="0.0">
    <skipped/>
  </testcase> <!-- TC_07_Login_Valid_Password -->
  <testcase classname="com.techpanda.account.Level_06_Switch_Page" name="TC_08_Edit_Information" time="0.0">
    <skipped/>
  </testcase> <!-- TC_08_Edit_Information -->
</testsuite> <!-- Default test -->
