<?xml version="1.0" encoding="UTF-8"?>
<!-- Generated by org.testng.reporters.JUnitXMLReporter -->
<testsuite ignored="0" hostname="Mosscow.local" failures="1" tests="12" name="Test" time="219.739" errors="0" timestamp="04 May 2022 10:05:16 GMT">
  <testcase classname="com.techpanda.account.Level_2_Apply_BasePage_Part_I" name="TC_01_Login_Empty_Data" time="2.054"/>
  <testcase classname="com.techpanda.account.Level_2_Apply_BasePage_Part_I" name="TC_02_Invalid_Email" time="2.112"/>
  <testcase classname="com.techpanda.account.Level_2_Apply_BasePage_Part_I" name="TC_03_Invalid_Password" time="1.94"/>
  <testcase classname="com.techpanda.account.Level_2_Apply_BasePage_Part_I" name="TC_04_Incorrect_Email_Password" time="3.099"/>
  <testcase classname="com.techpanda.account.Level_2_Apply_BasePage_Part_II" name="TC_01_Login_Empty_Data" time="1.916"/>
  <testcase classname="com.techpanda.account.Level_2_Apply_BasePage_Part_II" name="TC_02_Invalid_Email" time="2.026"/>
  <testcase classname="com.techpanda.account.Level_2_Apply_BasePage_Part_II" name="TC_03_Invalid_Password" time="1.602"/>
  <testcase classname="com.techpanda.account.Level_2_Apply_BasePage_Part_II" name="TC_04_Incorrect_Email_Password" time="2.927"/>
  <testcase classname="com.techpanda.account.Level_2_Apply_BasePage_Part_III" name="TC_01_Login_Empty_Data" time="2.061">
    <failure type="java.lang.AssertionError" message="expected [This is a required field.] but found []">
      <![CDATA[java.lang.AssertionError: expected [This is a required field.] but found []
at com.techpanda.account.Level_2_Apply_BasePage_Part_III.TC_01_Login_Empty_Data(Level_2_Apply_BasePage_Part_III.java:51)
... Removed 31 stack frames]]>
    </failure>
  </testcase> <!-- TC_01_Login_Empty_Data -->
  <testcase classname="com.techpanda.account.Level_2_Apply_BasePage_Part_III" name="TC_02_Invalid_Email" time="3.629"/>
  <testcase classname="com.techpanda.account.Level_2_Apply_BasePage_Part_III" name="TC_03_Invalid_Password" time="1.629"/>
  <testcase classname="com.techpanda.account.Level_2_Apply_BasePage_Part_III" name="TC_04_Incorrect_Email_Password" time="3.34"/>
</testsuite> <!-- Test -->
