<?xml version="1.0" encoding="UTF-8"?>
<testng-results ignored="0" total="12" passed="11" failed="1" skipped="0">
  <reporter-output>
  </reporter-output>
  <suite started-at="2022-05-04T10:01:36Z" name="Suite" finished-at="2022-05-04T10:05:16Z" duration-ms="219739">
    <groups>
    </groups>
    <test started-at="2022-05-04T10:01:36Z" name="Test" finished-at="2022-05-04T10:05:16Z" duration-ms="219739">
      <class name="com.techpanda.account.Level_2_Apply_BasePage_Part_I">
        <test-method is-config="true" signature="beforeClass()[pri:0, instance:com.techpanda.account.Level_2_Apply_BasePage_Part_I@1757cd72]" started-at="2022-05-04T10:01:36Z" name="beforeClass" finished-at="2022-05-04T10:01:56Z" duration-ms="19206" status="PASS">
          <reporter-output>
          </reporter-output>
        </test-method> <!-- beforeClass -->
        <test-method is-config="true" signature="BeforeMethod()[pri:0, instance:com.techpanda.account.Level_2_Apply_BasePage_Part_I@1757cd72]" started-at="2022-05-04T10:01:56Z" name="BeforeMethod" finished-at="2022-05-04T10:02:00Z" duration-ms="4640" status="PASS">
          <reporter-output>
          </reporter-output>
        </test-method> <!-- BeforeMethod -->
        <test-method signature="TC_01_Login_Empty_Data()[pri:0, instance:com.techpanda.account.Level_2_Apply_BasePage_Part_I@1757cd72]" started-at="2022-05-04T10:02:00Z" name="TC_01_Login_Empty_Data" finished-at="2022-05-04T10:02:02Z" duration-ms="2054" status="PASS">
          <reporter-output>
          </reporter-output>
        </test-method> <!-- TC_01_Login_Empty_Data -->
        <test-method is-config="true" signature="BeforeMethod()[pri:0, instance:com.techpanda.account.Level_2_Apply_BasePage_Part_I@1757cd72]" started-at="2022-05-04T10:02:02Z" name="BeforeMethod" finished-at="2022-05-04T10:04:28Z" duration-ms="145275" status="PASS">
          <reporter-output>
          </reporter-output>
        </test-method> <!-- BeforeMethod -->
        <test-method signature="TC_02_Invalid_Email()[pri:0, instance:com.techpanda.account.Level_2_Apply_BasePage_Part_I@1757cd72]" started-at="2022-05-04T10:04:28Z" name="TC_02_Invalid_Email" finished-at="2022-05-04T10:04:30Z" duration-ms="2112" status="PASS">
          <reporter-output>
          </reporter-output>
        </test-method> <!-- TC_02_Invalid_Email -->
        <test-method is-config="true" signature="BeforeMethod()[pri:0, instance:com.techpanda.account.Level_2_Apply_BasePage_Part_I@1757cd72]" started-at="2022-05-04T10:04:30Z" name="BeforeMethod" finished-at="2022-05-04T10:04:30Z" duration-ms="731" status="PASS">
          <reporter-output>
          </reporter-output>
        </test-method> <!-- BeforeMethod -->
        <test-method signature="TC_03_Invalid_Password()[pri:0, instance:com.techpanda.account.Level_2_Apply_BasePage_Part_I@1757cd72]" started-at="2022-05-04T10:04:30Z" name="TC_03_Invalid_Password" finished-at="2022-05-04T10:04:32Z" duration-ms="1940" status="PASS">
          <reporter-output>
          </reporter-output>
        </test-method> <!-- TC_03_Invalid_Password -->
        <test-method is-config="true" signature="BeforeMethod()[pri:0, instance:com.techpanda.account.Level_2_Apply_BasePage_Part_I@1757cd72]" started-at="2022-05-04T10:04:32Z" name="BeforeMethod" finished-at="2022-05-04T10:04:33Z" duration-ms="822" status="PASS">
          <reporter-output>
          </reporter-output>
        </test-method> <!-- BeforeMethod -->
        <test-method signature="TC_04_Incorrect_Email_Password()[pri:0, instance:com.techpanda.account.Level_2_Apply_BasePage_Part_I@1757cd72]" started-at="2022-05-04T10:04:33Z" name="TC_04_Incorrect_Email_Password" finished-at="2022-05-04T10:04:36Z" duration-ms="3099" status="PASS">
          <reporter-output>
          </reporter-output>
        </test-method> <!-- TC_04_Incorrect_Email_Password -->
        <test-method is-config="true" signature="afterClass()[pri:0, instance:com.techpanda.account.Level_2_Apply_BasePage_Part_I@1757cd72]" started-at="2022-05-04T10:04:36Z" name="afterClass" finished-at="2022-05-04T10:04:36Z" duration-ms="102" status="PASS">
          <reporter-output>
          </reporter-output>
        </test-method> <!-- afterClass -->
      </class> <!-- com.techpanda.account.Level_2_Apply_BasePage_Part_I -->
      <class name="com.techpanda.account.Level_2_Apply_BasePage_Part_III">
        <test-method is-config="true" signature="beforeClass()[pri:0, instance:com.techpanda.account.Level_2_Apply_BasePage_Part_III@49e5f737]" started-at="2022-05-04T10:04:53Z" name="beforeClass" finished-at="2022-05-04T10:04:56Z" duration-ms="3850" status="PASS">
          <reporter-output>
          </reporter-output>
        </test-method> <!-- beforeClass -->
        <test-method is-config="true" signature="BeforeMethod()[pri:0, instance:com.techpanda.account.Level_2_Apply_BasePage_Part_III@49e5f737]" started-at="2022-05-04T10:04:56Z" name="BeforeMethod" finished-at="2022-05-04T10:05:02Z" duration-ms="5948" status="PASS">
          <reporter-output>
          </reporter-output>
        </test-method> <!-- BeforeMethod -->
        <test-method signature="TC_01_Login_Empty_Data()[pri:0, instance:com.techpanda.account.Level_2_Apply_BasePage_Part_III@49e5f737]" started-at="2022-05-04T10:05:02Z" name="TC_01_Login_Empty_Data" finished-at="2022-05-04T10:05:04Z" duration-ms="2061" status="FAIL">
          <exception class="java.lang.AssertionError">
            <message>
              <![CDATA[expected [This is a required field.] but found []]]>
            </message>
            <full-stacktrace>
              <![CDATA[java.lang.AssertionError: expected [This is a required field.] but found []
at org.testng.Assert.fail(Assert.java:96)
at org.testng.Assert.failNotEquals(Assert.java:776)
at org.testng.Assert.assertEqualsImpl(Assert.java:137)
at org.testng.Assert.assertEquals(Assert.java:118)
at org.testng.Assert.assertEquals(Assert.java:453)
at org.testng.Assert.assertEquals(Assert.java:463)
at com.techpanda.account.Level_2_Apply_BasePage_Part_III.TC_01_Login_Empty_Data(Level_2_Apply_BasePage_Part_III.java:51)
at java.base/jdk.internal.reflect.NativeMethodAccessorImpl.invoke0(Native Method)
at java.base/jdk.internal.reflect.NativeMethodAccessorImpl.invoke(NativeMethodAccessorImpl.java:77)
at java.base/jdk.internal.reflect.DelegatingMethodAccessorImpl.invoke(DelegatingMethodAccessorImpl.java:43)
at java.base/java.lang.reflect.Method.invoke(Method.java:568)
at org.testng.internal.MethodInvocationHelper.invokeMethod(MethodInvocationHelper.java:124)
at org.testng.internal.Invoker.invokeMethod(Invoker.java:583)
at org.testng.internal.Invoker.invokeTestMethod(Invoker.java:719)
at org.testng.internal.Invoker.invokeTestMethods(Invoker.java:989)
at org.testng.internal.TestMethodWorker.invokeTestMethods(TestMethodWorker.java:125)
at org.testng.internal.TestMethodWorker.run(TestMethodWorker.java:109)
at org.testng.TestRunner.privateRun(TestRunner.java:648)
at org.testng.TestRunner.run(TestRunner.java:505)
at org.testng.SuiteRunner.runTest(SuiteRunner.java:455)
at org.testng.SuiteRunner.runSequentially(SuiteRunner.java:450)
at org.testng.SuiteRunner.privateRun(SuiteRunner.java:415)
at org.testng.SuiteRunner.run(SuiteRunner.java:364)
at org.testng.SuiteRunnerWorker.runSuite(SuiteRunnerWorker.java:52)
at org.testng.SuiteRunnerWorker.run(SuiteRunnerWorker.java:84)
at org.testng.TestNG.runSuitesSequentially(TestNG.java:1208)
at org.testng.TestNG.runSuitesLocally(TestNG.java:1137)
at org.testng.TestNG.runSuites(TestNG.java:1049)
at org.testng.TestNG.run(TestNG.java:1017)
at org.testng.remote.AbstractRemoteTestNG.run(AbstractRemoteTestNG.java:115)
at org.testng.remote.RemoteTestNG.initAndRun(RemoteTestNG.java:251)
at org.testng.remote.RemoteTestNG.main(RemoteTestNG.java:77)
]]>
            </full-stacktrace>
          </exception> <!-- java.lang.AssertionError -->
          <reporter-output>
          </reporter-output>
        </test-method> <!-- TC_01_Login_Empty_Data -->
        <test-method is-config="true" signature="BeforeMethod()[pri:0, instance:com.techpanda.account.Level_2_Apply_BasePage_Part_III@49e5f737]" started-at="2022-05-04T10:05:04Z" name="BeforeMethod" finished-at="2022-05-04T10:05:06Z" duration-ms="1570" status="PASS">
          <reporter-output>
          </reporter-output>
        </test-method> <!-- BeforeMethod -->
        <test-method signature="TC_02_Invalid_Email()[pri:0, instance:com.techpanda.account.Level_2_Apply_BasePage_Part_III@49e5f737]" started-at="2022-05-04T10:05:06Z" name="TC_02_Invalid_Email" finished-at="2022-05-04T10:05:10Z" duration-ms="3629" status="PASS">
          <reporter-output>
          </reporter-output>
        </test-method> <!-- TC_02_Invalid_Email -->
        <test-method is-config="true" signature="BeforeMethod()[pri:0, instance:com.techpanda.account.Level_2_Apply_BasePage_Part_III@49e5f737]" started-at="2022-05-04T10:05:10Z" name="BeforeMethod" finished-at="2022-05-04T10:05:10Z" duration-ms="718" status="PASS">
          <reporter-output>
          </reporter-output>
        </test-method> <!-- BeforeMethod -->
        <test-method signature="TC_03_Invalid_Password()[pri:0, instance:com.techpanda.account.Level_2_Apply_BasePage_Part_III@49e5f737]" started-at="2022-05-04T10:05:10Z" name="TC_03_Invalid_Password" finished-at="2022-05-04T10:05:12Z" duration-ms="1629" status="PASS">
          <reporter-output>
          </reporter-output>
        </test-method> <!-- TC_03_Invalid_Password -->
        <test-method is-config="true" signature="BeforeMethod()[pri:0, instance:com.techpanda.account.Level_2_Apply_BasePage_Part_III@49e5f737]" started-at="2022-05-04T10:05:12Z" name="BeforeMethod" finished-at="2022-05-04T10:05:13Z" duration-ms="731" status="PASS">
          <reporter-output>
          </reporter-output>
        </test-method> <!-- BeforeMethod -->
        <test-method signature="TC_04_Incorrect_Email_Password()[pri:0, instance:com.techpanda.account.Level_2_Apply_BasePage_Part_III@49e5f737]" started-at="2022-05-04T10:05:13Z" name="TC_04_Incorrect_Email_Password" finished-at="2022-05-04T10:05:16Z" duration-ms="3340" status="PASS">
          <reporter-output>
          </reporter-output>
        </test-method> <!-- TC_04_Incorrect_Email_Password -->
        <test-method is-config="true" signature="afterClass()[pri:0, instance:com.techpanda.account.Level_2_Apply_BasePage_Part_III@49e5f737]" started-at="2022-05-04T10:05:16Z" name="afterClass" finished-at="2022-05-04T10:05:16Z" duration-ms="82" status="PASS">
          <reporter-output>
          </reporter-output>
        </test-method> <!-- afterClass -->
      </class> <!-- com.techpanda.account.Level_2_Apply_BasePage_Part_III -->
      <class name="com.techpanda.account.Level_2_Apply_BasePage_Part_II">
        <test-method is-config="true" signature="beforeClass()[pri:0, instance:com.techpanda.account.Level_2_Apply_BasePage_Part_II@445b295b]" started-at="2022-05-04T10:04:36Z" name="beforeClass" finished-at="2022-05-04T10:04:38Z" duration-ms="1367" status="PASS">
          <reporter-output>
          </reporter-output>
        </test-method> <!-- beforeClass -->
        <test-method is-config="true" signature="BeforeMethod()[pri:0, instance:com.techpanda.account.Level_2_Apply_BasePage_Part_II@445b295b]" started-at="2022-05-04T10:04:38Z" name="BeforeMethod" finished-at="2022-05-04T10:04:42Z" duration-ms="4065" status="PASS">
          <reporter-output>
          </reporter-output>
        </test-method> <!-- BeforeMethod -->
        <test-method signature="TC_01_Login_Empty_Data()[pri:0, instance:com.techpanda.account.Level_2_Apply_BasePage_Part_II@445b295b]" started-at="2022-05-04T10:04:42Z" name="TC_01_Login_Empty_Data" finished-at="2022-05-04T10:04:44Z" duration-ms="1916" status="PASS">
          <reporter-output>
          </reporter-output>
        </test-method> <!-- TC_01_Login_Empty_Data -->
        <test-method is-config="true" signature="BeforeMethod()[pri:0, instance:com.techpanda.account.Level_2_Apply_BasePage_Part_II@445b295b]" started-at="2022-05-04T10:04:44Z" name="BeforeMethod" finished-at="2022-05-04T10:04:45Z" duration-ms="764" status="PASS">
          <reporter-output>
          </reporter-output>
        </test-method> <!-- BeforeMethod -->
        <test-method signature="TC_02_Invalid_Email()[pri:0, instance:com.techpanda.account.Level_2_Apply_BasePage_Part_II@445b295b]" started-at="2022-05-04T10:04:45Z" name="TC_02_Invalid_Email" finished-at="2022-05-04T10:04:47Z" duration-ms="2026" status="PASS">
          <reporter-output>
          </reporter-output>
        </test-method> <!-- TC_02_Invalid_Email -->
        <test-method is-config="true" signature="BeforeMethod()[pri:0, instance:com.techpanda.account.Level_2_Apply_BasePage_Part_II@445b295b]" started-at="2022-05-04T10:04:47Z" name="BeforeMethod" finished-at="2022-05-04T10:04:47Z" duration-ms="734" status="PASS">
          <reporter-output>
          </reporter-output>
        </test-method> <!-- BeforeMethod -->
        <test-method signature="TC_03_Invalid_Password()[pri:0, instance:com.techpanda.account.Level_2_Apply_BasePage_Part_II@445b295b]" started-at="2022-05-04T10:04:47Z" name="TC_03_Invalid_Password" finished-at="2022-05-04T10:04:49Z" duration-ms="1602" status="PASS">
          <reporter-output>
          </reporter-output>
        </test-method> <!-- TC_03_Invalid_Password -->
        <test-method is-config="true" signature="BeforeMethod()[pri:0, instance:com.techpanda.account.Level_2_Apply_BasePage_Part_II@445b295b]" started-at="2022-05-04T10:04:49Z" name="BeforeMethod" finished-at="2022-05-04T10:04:50Z" duration-ms="655" status="PASS">
          <reporter-output>
          </reporter-output>
        </test-method> <!-- BeforeMethod -->
        <test-method signature="TC_04_Incorrect_Email_Password()[pri:0, instance:com.techpanda.account.Level_2_Apply_BasePage_Part_II@445b295b]" started-at="2022-05-04T10:04:50Z" name="TC_04_Incorrect_Email_Password" finished-at="2022-05-04T10:04:53Z" duration-ms="2927" status="PASS">
          <reporter-output>
          </reporter-output>
        </test-method> <!-- TC_04_Incorrect_Email_Password -->
        <test-method is-config="true" signature="afterClass()[pri:0, instance:com.techpanda.account.Level_2_Apply_BasePage_Part_II@445b295b]" started-at="2022-05-04T10:04:53Z" name="afterClass" finished-at="2022-05-04T10:04:53Z" duration-ms="81" status="PASS">
          <reporter-output>
          </reporter-output>
        </test-method> <!-- afterClass -->
      </class> <!-- com.techpanda.account.Level_2_Apply_BasePage_Part_II -->
    </test> <!-- Test -->
  </suite> <!-- Suite -->
</testng-results>
