<?xml version="1.0" encoding="UTF-8"?>
<!-- Generated by org.testng.reporters.JUnitReportReporter -->
<testsuite hostname="Mosscow.local" failures="0" tests="21" name="com.techpanda.account.Level_04_Multiple_Browser" time="134.650" errors="1" timestamp="26 May 2022 14:50:28 GMT" skipped="0">
  <testcase classname="com.techpanda.account.Level_04_Multiple_Browser" name="TC_06_Login_With_Incorrect_Password" time="7.104"/>
  <testcase classname="com.techpanda.account.Level_04_Multiple_Browser" name="TC_03_Login_With_Invalid_Password" time="1.529"/>
  <testcase classname="com.techpanda.account.Level_04_Multiple_Browser" name="TC_01_Login_Empty_Data" time="2.267"/>
  <testcase classname="com.techpanda.account.Level_04_Multiple_Browser" name="TC_02_Login_With_Invalid_Email" time="2.505"/>
  <testcase classname="com.techpanda.account.Level_04_Multiple_Browser" name="TC_01_Login_Empty_Data" time="1.594"/>
  <testcase classname="com.techpanda.account.Level_04_Multiple_Browser" name="TC_03_Login_With_Invalid_Password" time="1.794"/>
  <testcase classname="com.techpanda.account.Level_04_Multiple_Browser" name="TC_06_Login_With_Incorrect_Password" time="35.144">
    <error message="Expected condition failed: waiting for visibility of element located by By.xpath: //li[@class=&#039;error-msg&#039;]//span (tried for 30 second(s) with 500 milliseconds interval)" type="org.openqa.selenium.TimeoutException">
      <![CDATA[org.openqa.selenium.TimeoutException: Expected condition failed: waiting for visibility of element located by By.xpath: //li[@class='error-msg']//span (tried for 30 second(s) with 500 milliseconds interval)
at org.openqa.selenium.support.ui.WebDriverWait.timeoutException(WebDriverWait.java:95)
at org.openqa.selenium.support.ui.FluentWait.until(FluentWait.java:272)
at commons.BasePage.waitForElementVisible(BasePage.java:280)
at pageObject.user.LoginPageObject.getIncorrectEmailPasswordErrorMessage(LoginPageObject.java:55)
at com.techpanda.account.Level_04_Multiple_Browser.TC_06_Login_With_Incorrect_Password(Level_04_Multiple_Browser.java:134)
at java.base/jdk.internal.reflect.NativeMethodAccessorImpl.invoke0(Native Method)
at java.base/jdk.internal.reflect.NativeMethodAccessorImpl.invoke(NativeMethodAccessorImpl.java:62)
at java.base/jdk.internal.reflect.DelegatingMethodAccessorImpl.invoke(DelegatingMethodAccessorImpl.java:43)
at java.base/java.lang.reflect.Method.invoke(Method.java:566)
at org.testng.internal.MethodInvocationHelper.invokeMethod(MethodInvocationHelper.java:124)
at org.testng.internal.Invoker.invokeMethod(Invoker.java:583)
at org.testng.internal.Invoker.invokeTestMethod(Invoker.java:719)
at org.testng.internal.Invoker.invokeTestMethods(Invoker.java:989)
at org.testng.internal.TestMethodWorker.invokeTestMethods(TestMethodWorker.java:125)
at org.testng.internal.TestMethodWorker.run(TestMethodWorker.java:109)
at org.testng.TestRunner.privateRun(TestRunner.java:648)
at org.testng.TestRunner.run(TestRunner.java:505)
at org.testng.SuiteRunner.runTest(SuiteRunner.java:455)
at org.testng.SuiteRunner.runSequentially(SuiteRunner.java:450)
at org.testng.SuiteRunner.privateRun(SuiteRunner.java:415)
at org.testng.SuiteRunner.run(SuiteRunner.java:364)
at org.testng.SuiteRunnerWorker.runSuite(SuiteRunnerWorker.java:52)
at org.testng.SuiteRunnerWorker.run(SuiteRunnerWorker.java:84)
at org.testng.TestNG.runSuitesSequentially(TestNG.java:1208)
at org.testng.TestNG.runSuitesLocally(TestNG.java:1137)
at org.testng.TestNG.runSuites(TestNG.java:1049)
at org.testng.TestNG.run(TestNG.java:1017)
at org.testng.remote.AbstractRemoteTestNG.run(AbstractRemoteTestNG.java:115)
at org.testng.remote.RemoteTestNG.initAndRun(RemoteTestNG.java:251)
at org.testng.remote.RemoteTestNG.main(RemoteTestNG.java:77)
Caused by: org.openqa.selenium.NoSuchElementException: no such element: Unable to locate element: {"method":"xpath","selector":"//li[@class='error-msg']//span"}
  (Session info: MicrosoftEdge=101.0.1210.53)
For documentation on this error, please visit: https://www.seleniumhq.org/exceptions/no_such_element.html
Build info: version: '3.141.59', revision: 'e82be7d358', time: '2018-11-14T08:25:53'
System info: host: 'Mosscow.local', ip: '2402:800:63ba:b17b:b07f:c27:cac7:7d8%en0', os.name: 'Mac OS X', os.arch: 'x86_64', os.version: '12.3.1', java.version: '11.0.14'
Driver info: org.openqa.selenium.edge.EdgeDriver
Capabilities {acceptInsecureCerts: false, browserName: msedge, browserVersion: 101.0.1210.53, javascriptEnabled: true, ms:edgeOptions: {debuggerAddress: localhost:59224}, msedge: {msedgedriverVersion: 101.0.1210.53 (019dbf6dd738..., userDataDir: /var/folders/gd/q7_6xv_16mq...}, networkConnectionEnabled: false, pageLoadStrategy: normal, platform: MAC, platformName: MAC, proxy: Proxy(), setWindowRect: true, strictFileInteractability: false, timeouts: {implicit: 0, pageLoad: 300000, script: 30000}, unhandledPromptBehavior: dismiss and notify, webauthn:extension:credBlob: true, webauthn:extension:largeBlob: true, webauthn:virtualAuthenticators: true}
Session ID: 5669b3e34fe9d6b9b0362bbf6cbd6794
*** Element info: {Using=xpath, value=//li[@class='error-msg']//span}
at java.base/jdk.internal.reflect.NativeConstructorAccessorImpl.newInstance0(Native Method)
at java.base/jdk.internal.reflect.NativeConstructorAccessorImpl.newInstance(NativeConstructorAccessorImpl.java:62)
at java.base/jdk.internal.reflect.DelegatingConstructorAccessorImpl.newInstance(DelegatingConstructorAccessorImpl.java:45)
at java.base/java.lang.reflect.Constructor.newInstance(Constructor.java:490)
at org.openqa.selenium.remote.http.W3CHttpResponseCodec.createException(W3CHttpResponseCodec.java:187)
at org.openqa.selenium.remote.http.W3CHttpResponseCodec.decode(W3CHttpResponseCodec.java:122)
at org.openqa.selenium.remote.http.W3CHttpResponseCodec.decode(W3CHttpResponseCodec.java:49)
at org.openqa.selenium.remote.HttpCommandExecutor.execute(HttpCommandExecutor.java:158)
at org.openqa.selenium.remote.service.DriverCommandExecutor.execute(DriverCommandExecutor.java:83)
at org.openqa.selenium.remote.RemoteWebDriver.execute(RemoteWebDriver.java:552)
at org.openqa.selenium.remote.RemoteWebDriver.findElement(RemoteWebDriver.java:323)
at org.openqa.selenium.remote.RemoteWebDriver.findElementByXPath(RemoteWebDriver.java:428)
at org.openqa.selenium.By$ByXPath.findElement(By.java:353)
at org.openqa.selenium.remote.RemoteWebDriver.findElement(RemoteWebDriver.java:315)
at org.openqa.selenium.support.ui.ExpectedConditions$7.apply(ExpectedConditions.java:205)
at org.openqa.selenium.support.ui.ExpectedConditions$7.apply(ExpectedConditions.java:201)
at org.openqa.selenium.support.ui.FluentWait.until(FluentWait.java:249)
... 28 more
]]>
    </error>
  </testcase> <!-- TC_06_Login_With_Incorrect_Password -->
  <testcase classname="com.techpanda.account.Level_04_Multiple_Browser" name="TC_06_Login_With_Incorrect_Password" time="2.862"/>
  <testcase classname="com.techpanda.account.Level_04_Multiple_Browser" name="TC_07_Login_Valid_Password" time="2.705"/>
  <testcase classname="com.techpanda.account.Level_04_Multiple_Browser" name="TC_04_Create_New_Account" time="11.524"/>
  <testcase classname="com.techpanda.account.Level_04_Multiple_Browser" name="TC_05_Login_With_Incorrect_Email" time="2.994"/>
  <testcase classname="com.techpanda.account.Level_04_Multiple_Browser" name="TC_05_Login_With_Incorrect_Email" time="5.936"/>
  <testcase classname="com.techpanda.account.Level_04_Multiple_Browser" name="TC_02_Login_With_Invalid_Email" time="4.665"/>
  <testcase classname="com.techpanda.account.Level_04_Multiple_Browser" name="TC_04_Create_New_Account" time="10.925"/>
  <testcase classname="com.techpanda.account.Level_04_Multiple_Browser" name="TC_04_Create_New_Account" time="15.266"/>
  <testcase classname="com.techpanda.account.Level_04_Multiple_Browser" name="TC_01_Login_Empty_Data" time="5.875"/>
  <testcase classname="com.techpanda.account.Level_04_Multiple_Browser" name="TC_05_Login_With_Incorrect_Email" time="6.629"/>
  <testcase classname="com.techpanda.account.Level_04_Multiple_Browser" name="TC_07_Login_Valid_Password" time="3.681"/>
  <testcase classname="com.techpanda.account.Level_04_Multiple_Browser" name="TC_07_Login_Valid_Password" time="3.534"/>
  <testcase classname="com.techpanda.account.Level_04_Multiple_Browser" name="TC_03_Login_With_Invalid_Password" time="4.363"/>
  <testcase classname="com.techpanda.account.Level_04_Multiple_Browser" name="TC_02_Login_With_Invalid_Email" time="1.754"/>
</testsuite> <!-- com.techpanda.account.Level_04_Multiple_Browser -->
